Performing C SOURCE FILE Test CMAKE_HAVE_LIBC_PTHREAD failed with the following output:
Change Dir: /home/jv/Coding/gruppe_v/build/CMakeFiles/CMakeTmp

Run Build Command(s):/usr/bin/make cmTC_bfdd9/fast && make[1]: Entering directory '/home/jv/Coding/gruppe_v/build/CMakeFiles/CMakeTmp'
/usr/bin/make -f CMakeFiles/cmTC_bfdd9.dir/build.make CMakeFiles/cmTC_bfdd9.dir/build
make[2]: Entering directory '/home/jv/Coding/gruppe_v/build/CMakeFiles/CMakeTmp'
Building C object CMakeFiles/cmTC_bfdd9.dir/src.c.o
/usr/bin/cc   --coverage -std=c99 -DCMAKE_HAVE_LIBC_PTHREAD   -o CMakeFiles/cmTC_bfdd9.dir/src.c.o   -c /home/jv/Coding/gruppe_v/build/CMakeFiles/CMakeTmp/src.c
Linking C executable cmTC_bfdd9
/usr/bin/cmake -E cmake_link_script CMakeFiles/cmTC_bfdd9.dir/link.txt --verbose=1
/usr/bin/cc --coverage -std=c99 -DCMAKE_HAVE_LIBC_PTHREAD    -rdynamic CMakeFiles/cmTC_bfdd9.dir/src.c.o  -o cmTC_bfdd9 
/usr/bin/ld: CMakeFiles/cmTC_bfdd9.dir/src.c.o: in function `main':
src.c:(.text+0x6a): undefined reference to `pthread_create'
/usr/bin/ld: src.c:(.text+0x88): undefined reference to `pthread_detach'
/usr/bin/ld: src.c:(.text+0xab): undefined reference to `pthread_join'
collect2: error: ld returned 1 exit status
make[2]: *** [CMakeFiles/cmTC_bfdd9.dir/build.make:87: cmTC_bfdd9] Error 1
make[2]: Leaving directory '/home/jv/Coding/gruppe_v/build/CMakeFiles/CMakeTmp'
make[1]: *** [Makefile:121: cmTC_bfdd9/fast] Error 2
make[1]: Leaving directory '/home/jv/Coding/gruppe_v/build/CMakeFiles/CMakeTmp'


Source file was:
#include <pthread.h>

void* test_func(void* data)
{
  return data;
}

int main(void)
{
  pthread_t thread;
  pthread_create(&thread, NULL, test_func, NULL);
  pthread_detach(thread);
  pthread_join(thread, NULL);
  pthread_atfork(NULL, NULL, NULL);
  pthread_exit(NULL);

  return 0;
}

Determining if the function pthread_create exists in the pthreads failed with the following output:
Change Dir: /home/jv/Coding/gruppe_v/build/CMakeFiles/CMakeTmp

Run Build Command(s):/usr/bin/make cmTC_37fcd/fast && make[1]: Entering directory '/home/jv/Coding/gruppe_v/build/CMakeFiles/CMakeTmp'
/usr/bin/make -f CMakeFiles/cmTC_37fcd.dir/build.make CMakeFiles/cmTC_37fcd.dir/build
make[2]: Entering directory '/home/jv/Coding/gruppe_v/build/CMakeFiles/CMakeTmp'
Building C object CMakeFiles/cmTC_37fcd.dir/CheckFunctionExists.c.o
/usr/bin/cc   --coverage -std=c99 -DCHECK_FUNCTION_EXISTS=pthread_create   -o CMakeFiles/cmTC_37fcd.dir/CheckFunctionExists.c.o   -c /usr/share/cmake-3.16/Modules/CheckFunctionExists.c
Linking C executable cmTC_37fcd
/usr/bin/cmake -E cmake_link_script CMakeFiles/cmTC_37fcd.dir/link.txt --verbose=1
/usr/bin/cc --coverage -std=c99 -DCHECK_FUNCTION_EXISTS=pthread_create    -rdynamic CMakeFiles/cmTC_37fcd.dir/CheckFunctionExists.c.o  -o cmTC_37fcd  -lpthreads 
/usr/bin/ld: cannot find -lpthreads
collect2: error: ld returned 1 exit status
make[2]: *** [CMakeFiles/cmTC_37fcd.dir/build.make:87: cmTC_37fcd] Error 1
make[2]: Leaving directory '/home/jv/Coding/gruppe_v/build/CMakeFiles/CMakeTmp'
make[1]: *** [Makefile:121: cmTC_37fcd/fast] Error 2
make[1]: Leaving directory '/home/jv/Coding/gruppe_v/build/CMakeFiles/CMakeTmp'



